[debug] [2021-05-24T19:20:09.307Z] ----------------------------------------------------------------------
[debug] [2021-05-24T19:20:09.309Z] Command:       /Users/laurajelenich/.nvm/versions/node/v12.4.0/bin/node /Users/laurajelenich/.nvm/versions/node/v12.4.0/bin/firebase deploy
[debug] [2021-05-24T19:20:09.310Z] CLI Version:   9.10.2
[debug] [2021-05-24T19:20:09.310Z] Platform:      darwin
[debug] [2021-05-24T19:20:09.310Z] Node Version:  v12.4.0
[debug] [2021-05-24T19:20:09.315Z] Time:          Mon May 24 2021 15:20:09 GMT-0400 (Eastern Daylight Time)
[debug] [2021-05-24T19:20:09.315Z] ----------------------------------------------------------------------
[debug] 
[debug] [2021-05-24T19:20:09.318Z] >>> [apiv2][query] GET https://firebase-public.firebaseio.com/cli.json [none]
[debug] [2021-05-24T19:20:09.345Z] > command requires scopes: ["email","openid","https://www.googleapis.com/auth/cloudplatformprojects.readonly","https://www.googleapis.com/auth/firebase","https://www.googleapis.com/auth/cloud-platform"]
[debug] [2021-05-24T19:20:09.345Z] > authorizing via signed-in user (ljelenich85@gmail.com)
[debug] [2021-05-24T19:20:09.345Z] [iam] checking project foodapp-4ebf0 for permissions ["cloudfunctions.functions.create","cloudfunctions.functions.delete","cloudfunctions.functions.get","cloudfunctions.functions.list","cloudfunctions.functions.update","cloudfunctions.operations.get","firebase.projects.get","firebasehosting.sites.update"]
[debug] [2021-05-24T19:20:09.346Z] > refreshing access token with scopes: ["email","https://www.googleapis.com/auth/cloud-platform","https://www.googleapis.com/auth/cloudplatformprojects.readonly","https://www.googleapis.com/auth/firebase","openid"]
[debug] [2021-05-24T19:20:09.347Z] >>> HTTP REQUEST POST https://www.googleapis.com/oauth2/v3/token  
 <request body omitted>
[debug] [2021-05-24T19:20:09.554Z] <<< HTTP RESPONSE 200 {"expires":"Mon, 01 Jan 1990 00:00:00 GMT","cache-control":"no-cache, no-store, max-age=0, must-revalidate","pragma":"no-cache","date":"Mon, 24 May 2021 19:20:09 GMT","content-type":"application/json; charset=utf-8","vary":"X-Origin, Referer, Origin,Accept-Encoding","server":"scaffolding on HTTPServer2","x-xss-protection":"0","x-frame-options":"SAMEORIGIN","x-content-type-options":"nosniff","alt-svc":"h3-29=\":443\"; ma=2592000,h3-T051=\":443\"; ma=2592000,h3-Q050=\":443\"; ma=2592000,h3-Q046=\":443\"; ma=2592000,h3-Q043=\":443\"; ma=2592000,quic=\":443\"; ma=2592000; v=\"46,43\"","accept-ranges":"none","transfer-encoding":"chunked"}
[debug] [2021-05-24T19:20:09.616Z] >>> HTTP REQUEST POST https://cloudresourcemanager.googleapis.com/v1/projects/foodapp-4ebf0:testIamPermissions  
 {"permissions":["cloudfunctions.functions.create","cloudfunctions.functions.delete","cloudfunctions.functions.get","cloudfunctions.functions.list","cloudfunctions.functions.update","cloudfunctions.operations.get","firebase.projects.get","firebasehosting.sites.update"]}
[debug] [2021-05-24T19:20:09.676Z] <<< [apiv2][status] GET https://firebase-public.firebaseio.com/cli.json 200
[debug] [2021-05-24T19:20:09.676Z] <<< [apiv2][body] GET https://firebase-public.firebaseio.com/cli.json {"cloudBuildErrorAfter":1594252800000,"cloudBuildWarnAfter":1590019200000,"defaultNode10After":1594252800000,"minVersion":"3.0.5","node8DeploysDisabledAfter":1613390400000,"node8RuntimeDisabledAfter":1615809600000,"node8WarnAfter":1600128000000}
[debug] [2021-05-24T19:20:09.952Z] <<< HTTP RESPONSE 200 {"content-type":"application/json; charset=UTF-8","vary":"X-Origin, Referer, Origin,Accept-Encoding","date":"Mon, 24 May 2021 19:20:09 GMT","server":"ESF","cache-control":"private","x-xss-protection":"0","x-frame-options":"SAMEORIGIN","x-content-type-options":"nosniff","server-timing":"gfet4t7; dur=136","alt-svc":"h3-29=\":443\"; ma=2592000,h3-T051=\":443\"; ma=2592000,h3-Q050=\":443\"; ma=2592000,h3-Q046=\":443\"; ma=2592000,h3-Q043=\":443\"; ma=2592000,quic=\":443\"; ma=2592000; v=\"46,43\"","accept-ranges":"none","transfer-encoding":"chunked"}
[debug] [2021-05-24T19:20:09.954Z] >>> HTTP REQUEST POST https://iam.googleapis.com/v1/projects/foodapp-4ebf0/serviceAccounts/foodapp-4ebf0@appspot.gserviceaccount.com:testIamPermissions  
 {"permissions":["iam.serviceAccounts.actAs"]}
[debug] [2021-05-24T19:20:10.217Z] <<< HTTP RESPONSE 200 {"content-type":"application/json; charset=UTF-8","vary":"X-Origin, Referer, Origin,Accept-Encoding","date":"Mon, 24 May 2021 19:20:10 GMT","server":"ESF","cache-control":"private","x-xss-protection":"0","x-frame-options":"SAMEORIGIN","x-content-type-options":"nosniff","alt-svc":"h3-29=\":443\"; ma=2592000,h3-T051=\":443\"; ma=2592000,h3-Q050=\":443\"; ma=2592000,h3-Q046=\":443\"; ma=2592000,h3-Q043=\":443\"; ma=2592000,quic=\":443\"; ma=2592000; v=\"46,43\"","accept-ranges":"none","transfer-encoding":"chunked"}
[debug] [2021-05-24T19:20:10.218Z] > refreshing access token with scopes: []
[debug] [2021-05-24T19:20:10.219Z] >>> HTTP REQUEST POST https://www.googleapis.com/oauth2/v3/token  
 <request body omitted>
[debug] [2021-05-24T19:20:10.362Z] <<< HTTP RESPONSE 200 {"cache-control":"no-cache, no-store, max-age=0, must-revalidate","date":"Mon, 24 May 2021 19:20:10 GMT","expires":"Mon, 01 Jan 1990 00:00:00 GMT","pragma":"no-cache","content-type":"application/json; charset=utf-8","vary":"X-Origin, Referer, Origin,Accept-Encoding","server":"scaffolding on HTTPServer2","x-xss-protection":"0","x-frame-options":"SAMEORIGIN","x-content-type-options":"nosniff","alt-svc":"h3-29=\":443\"; ma=2592000,h3-T051=\":443\"; ma=2592000,h3-Q050=\":443\"; ma=2592000,h3-Q046=\":443\"; ma=2592000,h3-Q043=\":443\"; ma=2592000,quic=\":443\"; ma=2592000; v=\"46,43\"","accept-ranges":"none","transfer-encoding":"chunked"}
[debug] [2021-05-24T19:20:10.418Z] >>> [apiv2][query] GET https://firebase.googleapis.com/v1beta1/projects/foodapp-4ebf0 [none]
[debug] [2021-05-24T19:20:10.741Z] <<< [apiv2][status] GET https://firebase.googleapis.com/v1beta1/projects/foodapp-4ebf0 200
[debug] [2021-05-24T19:20:10.741Z] <<< [apiv2][body] GET https://firebase.googleapis.com/v1beta1/projects/foodapp-4ebf0 {"projectId":"foodapp-4ebf0","projectNumber":"801948295113","displayName":"Yoke","name":"projects/foodapp-4ebf0","resources":{"hostingSite":"foodapp-4ebf0","realtimeDatabaseInstance":"foodapp-4ebf0","storageBucket":"foodapp-4ebf0.appspot.com","locationId":"us-central"},"state":"ACTIVE"}
[warn] ⚠  functions: package.json indicates an outdated version of firebase-functions.
Please upgrade using npm install --save firebase-functions@latest in your functions directory. 
[info] 
[info] === Deploying to 'foodapp-4ebf0'...
[info] 
[info] i  deploying functions, hosting 
[info] i  functions: ensuring required API cloudfunctions.googleapis.com is enabled... 
[debug] [2021-05-24T19:20:14.066Z] > refreshing access token with scopes: ["email","https://www.googleapis.com/auth/cloud-platform","https://www.googleapis.com/auth/cloudplatformprojects.readonly","https://www.googleapis.com/auth/firebase","openid"]
[debug] [2021-05-24T19:20:14.066Z] >>> HTTP REQUEST POST https://www.googleapis.com/oauth2/v3/token  
 <request body omitted>
[debug] [2021-05-24T19:20:14.067Z] > refreshing access token with scopes: ["email","https://www.googleapis.com/auth/cloud-platform","https://www.googleapis.com/auth/cloudplatformprojects.readonly","https://www.googleapis.com/auth/firebase","openid"]
[debug] [2021-05-24T19:20:14.067Z] >>> HTTP REQUEST POST https://www.googleapis.com/oauth2/v3/token  
 <request body omitted>
[info] i  functions: ensuring required API cloudbuild.googleapis.com is enabled... 
[debug] [2021-05-24T19:20:14.068Z] > refreshing access token with scopes: ["email","https://www.googleapis.com/auth/cloud-platform","https://www.googleapis.com/auth/cloudplatformprojects.readonly","https://www.googleapis.com/auth/firebase","openid"]
[debug] [2021-05-24T19:20:14.068Z] >>> HTTP REQUEST POST https://www.googleapis.com/oauth2/v3/token  
 <request body omitted>
[debug] [2021-05-24T19:20:14.296Z] <<< HTTP RESPONSE 200 {"cache-control":"no-cache, no-store, max-age=0, must-revalidate","date":"Mon, 24 May 2021 19:20:14 GMT","expires":"Mon, 01 Jan 1990 00:00:00 GMT","pragma":"no-cache","content-type":"application/json; charset=utf-8","vary":"X-Origin, Referer, Origin,Accept-Encoding","server":"scaffolding on HTTPServer2","x-xss-protection":"0","x-frame-options":"SAMEORIGIN","x-content-type-options":"nosniff","alt-svc":"h3-29=\":443\"; ma=2592000,h3-T051=\":443\"; ma=2592000,h3-Q050=\":443\"; ma=2592000,h3-Q046=\":443\"; ma=2592000,h3-Q043=\":443\"; ma=2592000,quic=\":443\"; ma=2592000; v=\"46,43\"","accept-ranges":"none","transfer-encoding":"chunked"}
[debug] [2021-05-24T19:20:14.348Z] >>> HTTP REQUEST GET https://serviceusage.googleapis.com/v1/projects/foodapp-4ebf0/services/cloudfunctions.googleapis.com  
 
[debug] [2021-05-24T19:20:14.349Z] <<< HTTP RESPONSE 200 {"date":"Mon, 24 May 2021 19:20:14 GMT","cache-control":"no-cache, no-store, max-age=0, must-revalidate","pragma":"no-cache","expires":"Mon, 01 Jan 1990 00:00:00 GMT","content-type":"application/json; charset=utf-8","vary":"X-Origin, Referer, Origin,Accept-Encoding","server":"scaffolding on HTTPServer2","x-xss-protection":"0","x-frame-options":"SAMEORIGIN","x-content-type-options":"nosniff","alt-svc":"h3-29=\":443\"; ma=2592000,h3-T051=\":443\"; ma=2592000,h3-Q050=\":443\"; ma=2592000,h3-Q046=\":443\"; ma=2592000,h3-Q043=\":443\"; ma=2592000,quic=\":443\"; ma=2592000; v=\"46,43\"","accept-ranges":"none","transfer-encoding":"chunked"}
[debug] [2021-05-24T19:20:14.400Z] >>> HTTP REQUEST GET https://serviceusage.googleapis.com/v1/projects/foodapp-4ebf0/services/cloudbuild.googleapis.com  
 
[debug] [2021-05-24T19:20:14.404Z] <<< HTTP RESPONSE 200 {"cache-control":"no-cache, no-store, max-age=0, must-revalidate","expires":"Mon, 01 Jan 1990 00:00:00 GMT","pragma":"no-cache","date":"Mon, 24 May 2021 19:20:14 GMT","content-type":"application/json; charset=utf-8","vary":"X-Origin, Referer, Origin,Accept-Encoding","server":"scaffolding on HTTPServer2","x-xss-protection":"0","x-frame-options":"SAMEORIGIN","x-content-type-options":"nosniff","alt-svc":"h3-29=\":443\"; ma=2592000,h3-T051=\":443\"; ma=2592000,h3-Q050=\":443\"; ma=2592000,h3-Q046=\":443\"; ma=2592000,h3-Q043=\":443\"; ma=2592000,quic=\":443\"; ma=2592000; v=\"46,43\"","accept-ranges":"none","transfer-encoding":"chunked"}
[debug] [2021-05-24T19:20:14.453Z] >>> HTTP REQUEST GET https://serviceusage.googleapis.com/v1/projects/foodapp-4ebf0/services/runtimeconfig.googleapis.com  
 
[debug] [2021-05-24T19:20:14.946Z] <<< HTTP RESPONSE 200 {"content-type":"application/json; charset=UTF-8","vary":"X-Origin, Referer, Origin,Accept-Encoding","date":"Mon, 24 May 2021 19:20:14 GMT","server":"ESF","cache-control":"private","x-xss-protection":"0","x-frame-options":"SAMEORIGIN","x-content-type-options":"nosniff","alt-svc":"h3-29=\":443\"; ma=2592000,h3-T051=\":443\"; ma=2592000,h3-Q050=\":443\"; ma=2592000,h3-Q046=\":443\"; ma=2592000,h3-Q043=\":443\"; ma=2592000,quic=\":443\"; ma=2592000; v=\"46,43\"","accept-ranges":"none","transfer-encoding":"chunked"}
[debug] [2021-05-24T19:20:15.013Z] <<< HTTP RESPONSE 200 {"content-type":"application/json; charset=UTF-8","vary":"X-Origin, Referer, Origin,Accept-Encoding","date":"Mon, 24 May 2021 19:20:14 GMT","server":"ESF","cache-control":"private","x-xss-protection":"0","x-frame-options":"SAMEORIGIN","x-content-type-options":"nosniff","alt-svc":"h3-29=\":443\"; ma=2592000,h3-T051=\":443\"; ma=2592000,h3-Q050=\":443\"; ma=2592000,h3-Q046=\":443\"; ma=2592000,h3-Q043=\":443\"; ma=2592000,quic=\":443\"; ma=2592000; v=\"46,43\"","accept-ranges":"none","transfer-encoding":"chunked"}
[info] ✔  functions: required API cloudbuild.googleapis.com is enabled 
[debug] [2021-05-24T19:20:15.061Z] <<< HTTP RESPONSE 200 {"content-type":"application/json; charset=UTF-8","vary":"X-Origin, Referer, Origin,Accept-Encoding","date":"Mon, 24 May 2021 19:20:14 GMT","server":"ESF","cache-control":"private","x-xss-protection":"0","x-frame-options":"SAMEORIGIN","x-content-type-options":"nosniff","alt-svc":"h3-29=\":443\"; ma=2592000,h3-T051=\":443\"; ma=2592000,h3-Q050=\":443\"; ma=2592000,h3-Q046=\":443\"; ma=2592000,h3-Q043=\":443\"; ma=2592000,quic=\":443\"; ma=2592000; v=\"46,43\"","accept-ranges":"none","transfer-encoding":"chunked"}
[info] ✔  functions: required API cloudfunctions.googleapis.com is enabled 
[debug] [2021-05-24T19:20:15.062Z] >>> HTTP REQUEST GET https://firebase.googleapis.com/v1beta1/projects/foodapp-4ebf0/adminSdkConfig  
 
[debug] [2021-05-24T19:20:15.546Z] <<< HTTP RESPONSE 200 {"content-type":"application/json; charset=UTF-8","vary":"X-Origin, Referer, Origin,Accept-Encoding","date":"Mon, 24 May 2021 19:20:15 GMT","server":"ESF","cache-control":"private","x-xss-protection":"0","x-frame-options":"SAMEORIGIN","x-content-type-options":"nosniff","alt-svc":"h3-29=\":443\"; ma=2592000,h3-T051=\":443\"; ma=2592000,h3-Q050=\":443\"; ma=2592000,h3-Q046=\":443\"; ma=2592000,h3-Q043=\":443\"; ma=2592000,quic=\":443\"; ma=2592000; v=\"46,43\"","accept-ranges":"none","transfer-encoding":"chunked"}
[info] i  functions: preparing functions directory for uploading... 
[debug] [2021-05-24T19:20:15.548Z] >>> HTTP REQUEST GET https://runtimeconfig.googleapis.com/v1beta1/projects/foodapp-4ebf0/configs  
 
[debug] [2021-05-24T19:20:15.814Z] <<< HTTP RESPONSE 200 {"content-type":"application/json; charset=UTF-8","vary":"X-Origin, Referer, Origin,Accept-Encoding","date":"Mon, 24 May 2021 19:20:15 GMT","server":"ESF","cache-control":"private","x-xss-protection":"0","x-frame-options":"SAMEORIGIN","x-content-type-options":"nosniff","alt-svc":"h3-29=\":443\"; ma=2592000,h3-T051=\":443\"; ma=2592000,h3-Q050=\":443\"; ma=2592000,h3-Q046=\":443\"; ma=2592000,h3-Q043=\":443\"; ma=2592000,quic=\":443\"; ma=2592000; v=\"46,43\"","accept-ranges":"none","transfer-encoding":"chunked"}
[debug] [2021-05-24T19:20:15.815Z] >>> HTTP REQUEST GET https://runtimeconfig.googleapis.com/v1beta1/projects/foodapp-4ebf0/configs/stripe/variables  
 
[debug] [2021-05-24T19:20:16.095Z] <<< HTTP RESPONSE 200 {"content-type":"application/json; charset=UTF-8","vary":"X-Origin, Referer, Origin,Accept-Encoding","date":"Mon, 24 May 2021 19:20:16 GMT","server":"ESF","cache-control":"private","x-xss-protection":"0","x-frame-options":"SAMEORIGIN","x-content-type-options":"nosniff","alt-svc":"h3-29=\":443\"; ma=2592000,h3-T051=\":443\"; ma=2592000,h3-Q050=\":443\"; ma=2592000,h3-Q046=\":443\"; ma=2592000,h3-Q043=\":443\"; ma=2592000,quic=\":443\"; ma=2592000; v=\"46,43\"","accept-ranges":"none","transfer-encoding":"chunked"}
[debug] [2021-05-24T19:20:16.096Z] >>> HTTP REQUEST GET https://runtimeconfig.googleapis.com/v1beta1/projects/foodapp-4ebf0/configs/stripe/variables/secret_test_key  
 
[debug] [2021-05-24T19:20:16.096Z] >>> HTTP REQUEST GET https://runtimeconfig.googleapis.com/v1beta1/projects/foodapp-4ebf0/configs/stripe/variables/token  
 
[debug] [2021-05-24T19:20:16.340Z] <<< HTTP RESPONSE 200 {"content-type":"application/json; charset=UTF-8","vary":"X-Origin, Referer, Origin,Accept-Encoding","date":"Mon, 24 May 2021 19:20:16 GMT","server":"ESF","cache-control":"private","x-xss-protection":"0","x-frame-options":"SAMEORIGIN","x-content-type-options":"nosniff","alt-svc":"h3-29=\":443\"; ma=2592000,h3-T051=\":443\"; ma=2592000,h3-Q050=\":443\"; ma=2592000,h3-Q046=\":443\"; ma=2592000,h3-Q043=\":443\"; ma=2592000,quic=\":443\"; ma=2592000; v=\"46,43\"","accept-ranges":"none","transfer-encoding":"chunked"}
[debug] [2021-05-24T19:20:16.452Z] <<< HTTP RESPONSE 200 {"content-type":"application/json; charset=UTF-8","vary":"X-Origin, Referer, Origin,Accept-Encoding","date":"Mon, 24 May 2021 19:20:16 GMT","server":"ESF","cache-control":"private","x-xss-protection":"0","x-frame-options":"SAMEORIGIN","x-content-type-options":"nosniff","alt-svc":"h3-29=\":443\"; ma=2592000,h3-T051=\":443\"; ma=2592000,h3-Q050=\":443\"; ma=2592000,h3-Q046=\":443\"; ma=2592000,h3-Q043=\":443\"; ma=2592000,quic=\":443\"; ma=2592000; v=\"46,43\"","accept-ranges":"none","transfer-encoding":"chunked"}
[info] i  functions: packaged functions (144.95 KB) for uploading 
[debug] [2021-05-24T19:20:17.310Z] > [functions] package.json contents: {
  "name": "functions",
  "description": "Stripe Functions for Firebase",
  "scripts": {
    "serve": "firebase serve --only functions",
    "shell": "firebase experimental:functions:shell",
    "start": "npm run shell",
    "deploy": "firebase deploy --only functions",
    "logs": "firebase functions:log"
  },
  "engines": {
    "node": "10"
  },
  "dependencies": {
    "body-parser": "^1.19.0",
    "cookie-parser": "^1.4.5",
    "cors": "^2.8.5",
    "engines": "^0.4.0",
    "express": "^4.17.1",
    "firebase": "^8.4.1",
    "firebase-admin": "^8.6.0",
    "firebase-functions": "^3.13.2",
    "path": "^0.12.7",
    "postman-request": "^2.88.1-postman.30",
    "pug": "^3.0.2",
    "querystring": "^0.2.1",
    "request": "^2.88.2",
    "router": "^1.3.5",
    "stripe": "^7.63.1"
  },
  "private": true
}
[debug] [2021-05-24T19:20:17.310Z] >>> HTTP REQUEST GET https://cloudfunctions.googleapis.com/v1/projects/foodapp-4ebf0/locations/-/functions  
 
[debug] [2021-05-24T19:20:18.106Z] <<< HTTP RESPONSE 200 {"content-type":"application/json; charset=UTF-8","vary":"X-Origin, Referer, Origin,Accept-Encoding","date":"Mon, 24 May 2021 19:20:18 GMT","server":"ESF","cache-control":"private","x-xss-protection":"0","x-frame-options":"SAMEORIGIN","x-content-type-options":"nosniff","alt-svc":"h3-29=\":443\"; ma=2592000,h3-T051=\":443\"; ma=2592000,h3-Q050=\":443\"; ma=2592000,h3-Q046=\":443\"; ma=2592000,h3-Q043=\":443\"; ma=2592000,quic=\":443\"; ma=2592000; v=\"46,43\"","accept-ranges":"none","transfer-encoding":"chunked"}
[debug] [2021-05-24T19:20:18.108Z] >>> HTTP REQUEST POST https://firebasehosting.googleapis.com/v1beta1/sites/foodapp-4ebf0/versions  
 {"config":{"rewrites":[{"glob":"**","function":"app"}]},"labels":{"deployment-tool":"cli-firebase"}}
[debug] [2021-05-24T19:20:19.335Z] <<< HTTP RESPONSE 200 {"content-type":"application/json; charset=UTF-8","vary":"X-Origin, Referer, Origin,Accept-Encoding","date":"Mon, 24 May 2021 19:20:19 GMT","server":"ESF","cache-control":"private","x-xss-protection":"0","x-frame-options":"SAMEORIGIN","x-content-type-options":"nosniff","alt-svc":"h3-29=\":443\"; ma=2592000,h3-T051=\":443\"; ma=2592000,h3-Q050=\":443\"; ma=2592000,h3-Q046=\":443\"; ma=2592000,h3-Q043=\":443\"; ma=2592000,quic=\":443\"; ma=2592000; v=\"46,43\"","accept-ranges":"none","transfer-encoding":"chunked"}
[debug] [2021-05-24T19:20:19.337Z] >>> HTTP REQUEST POST https://cloudfunctions.googleapis.com/v1/projects/foodapp-4ebf0/locations/us-central1/functions:generateUploadUrl  
 
[debug] [2021-05-24T19:20:20.252Z] <<< HTTP RESPONSE 200 {"content-type":"application/json; charset=UTF-8","vary":"X-Origin, Referer, Origin,Accept-Encoding","date":"Mon, 24 May 2021 19:20:20 GMT","server":"ESF","cache-control":"private","x-xss-protection":"0","x-frame-options":"SAMEORIGIN","x-content-type-options":"nosniff","alt-svc":"h3-29=\":443\"; ma=2592000,h3-T051=\":443\"; ma=2592000,h3-Q050=\":443\"; ma=2592000,h3-Q046=\":443\"; ma=2592000,h3-Q043=\":443\"; ma=2592000,quic=\":443\"; ma=2592000; v=\"46,43\"","accept-ranges":"none","transfer-encoding":"chunked"}
[debug] [2021-05-24T19:20:20.253Z] >>> HTTP REQUEST PUT https://storage.googleapis.com/gcf-upload-us-central1-14cc42b6-6b94-4ce7-939a-4f97dc54746a/a7d6e780-99ba-46f2-90bc-0bbbe0e70ceb.zip?GoogleAccessId=service-801948295113@gcf-admin-robot.iam.gserviceaccount.com&Expires=1621885820&Signature=dvXZR87Obhfl3BKwq%2BBmiwDD9vL%2BoDXrzZ0fq2U3KBaw41IDBlZ2mgWut86zU%2BZTyu2U9DGPIrF5M6spSukEk6lr68YRNyEG53moMa9cvdQr3Xe%2BS1Zckb7T6ircjsed0hPQwu4R7GhsjurNWV2epauOWX49Mzcjh7YtQEAEVQJNWn3yvovZ0T2MqVo1ZsKobrVG%2FDXrjQ5M8IHOYst0HZ3qM8uE%2BD2zW7J16ILBRkExBMJ4VYiE4JIRWzTvcIcQuctjqLyWwPZNslrbvwfHi%2BbgeqOhbbsfWl%2BNiTITAG3BTkl%2F3hdntx9dq4oxiv3BeV2jBaIyNwckTWL0qGNMFA%3D%3D  
 <request body omitted>
[debug] [2021-05-24T19:20:20.714Z] <<< HTTP RESPONSE 200 {"x-guploader-uploadid":"ABg5-UyXQECLvGWYL-YE21z4vQm4QI997IIYYWRSHlpSvK1snIPYmg-GUFybWXPK6VOq9L-MZ_GojK0dE1Ll6bD-i4w","etag":"\"a07bec4610171965089f73330b61ca76\"","x-goog-generation":"1621884020716091","x-goog-metageneration":"1","x-goog-hash":"crc32c=RF9F4A==, md5=oHvsRhAXGWUIn3MzC2HKdg==","x-goog-stored-content-length":"148430","x-goog-stored-content-encoding":"identity","vary":"Origin","content-length":"0","date":"Mon, 24 May 2021 19:20:20 GMT","server":"UploadServer","content-type":"text/html; charset=UTF-8","alt-svc":"h3-29=\":443\"; ma=2592000,h3-T051=\":443\"; ma=2592000,h3-Q050=\":443\"; ma=2592000,h3-Q046=\":443\"; ma=2592000,h3-Q043=\":443\"; ma=2592000,quic=\":443\"; ma=2592000; v=\"46,43\""}
[info] ✔  functions: functions folder uploaded successfully 
[info] i  hosting[foodapp-4ebf0]: beginning deploy... 
[info] i  hosting[foodapp-4ebf0]: found 8 files in public 
[debug] [2021-05-24T19:20:20.733Z] > refreshing access token with scopes: []
[debug] [2021-05-24T19:20:20.734Z] >>> HTTP REQUEST POST https://www.googleapis.com/oauth2/v3/token  
 <request body omitted>
[debug] [2021-05-24T19:20:20.735Z] [hosting] hash cache [cHVibGlj] stored for 8 files
[debug] [2021-05-24T19:20:20.735Z] [hosting][hash queue][FINAL] {"max":4,"min":0,"avg":1.125,"active":0,"complete":8,"success":8,"errored":0,"retried":0,"total":8,"elapsed":10}
[debug] [2021-05-24T19:20:20.954Z] <<< HTTP RESPONSE 200 {"expires":"Mon, 01 Jan 1990 00:00:00 GMT","pragma":"no-cache","date":"Mon, 24 May 2021 19:20:20 GMT","cache-control":"no-cache, no-store, max-age=0, must-revalidate","content-type":"application/json; charset=utf-8","vary":"X-Origin, Referer, Origin,Accept-Encoding","server":"scaffolding on HTTPServer2","x-xss-protection":"0","x-frame-options":"SAMEORIGIN","x-content-type-options":"nosniff","alt-svc":"h3-29=\":443\"; ma=2592000,h3-T051=\":443\"; ma=2592000,h3-Q050=\":443\"; ma=2592000,h3-Q046=\":443\"; ma=2592000,h3-Q043=\":443\"; ma=2592000,quic=\":443\"; ma=2592000; v=\"46,43\"","accept-ranges":"none","transfer-encoding":"chunked"}
[debug] [2021-05-24T19:20:21.004Z] >>> [apiv2][query] POST https://firebasehosting.googleapis.com/v1beta1/sites/foodapp-4ebf0/versions/088f8ea9d6e19db9:populateFiles [none]
[debug] [2021-05-24T19:20:21.004Z] >>> [apiv2][body] POST https://firebasehosting.googleapis.com/v1beta1/sites/foodapp-4ebf0/versions/088f8ea9d6e19db9:populateFiles {"files":{"/Spinner-1s-311px.gif":"0ad207c4b06a5922f1fa060fc23c2a0f5c0de05ce76449e89af614404aa9245d","/YokeLogo.png":"8675900c037ea5a86ad3568fbbaae4126e8dd6c9e79ebb1a8b72b785efdddf17","/YokeLogoGradient.png":"a6aae945278931f872f5a60c556ffcecbfd887b24af38dd1577b74089abf51d1","/YokeStripe.png":"899c64f02bffde764649c1f7813f2ee6a4526af2afb77552bc7622077f276b9c","/main.css":"8ba22f7bf6012d3a9147985137ceabaeffc92bfb29debabc7deec7e5bd0a60fc","/main.js":"31d420dca61f6739a605595d4e5530623103ad83ef1aea7b0076f4fceab90add","/index.html":"f644d627cda3b6354d598f6e2532e8d26a2902e1af47c09126dd7a3b8acb2b52","/blur.png":"a906f231d3f9b925b15fa84c4b5b55f0f1f1cead096c1aa616239117588f58f9"}}
[debug] [2021-05-24T19:20:21.522Z] <<< [apiv2][status] POST https://firebasehosting.googleapis.com/v1beta1/sites/foodapp-4ebf0/versions/088f8ea9d6e19db9:populateFiles 200
[debug] [2021-05-24T19:20:21.523Z] <<< [apiv2][body] POST https://firebasehosting.googleapis.com/v1beta1/sites/foodapp-4ebf0/versions/088f8ea9d6e19db9:populateFiles {"uploadRequiredHashes":["31d420dca61f6739a605595d4e5530623103ad83ef1aea7b0076f4fceab90add","f644d627cda3b6354d598f6e2532e8d26a2902e1af47c09126dd7a3b8acb2b52","a906f231d3f9b925b15fa84c4b5b55f0f1f1cead096c1aa616239117588f58f9"],"uploadUrl":"https://upload-firebasehosting.googleapis.com/upload/sites/foodapp-4ebf0/versions/088f8ea9d6e19db9/files"}
[debug] [2021-05-24T19:20:21.524Z] >>> [apiv2][query] POST https://upload-firebasehosting.googleapis.com/upload/sites/foodapp-4ebf0/versions/088f8ea9d6e19db9/files/31d420dca61f6739a605595d4e5530623103ad83ef1aea7b0076f4fceab90add [none]
[debug] [2021-05-24T19:20:21.524Z] >>> [apiv2][body] POST https://upload-firebasehosting.googleapis.com/upload/sites/foodapp-4ebf0/versions/088f8ea9d6e19db9/files/31d420dca61f6739a605595d4e5530623103ad83ef1aea7b0076f4fceab90add [stream]
[debug] [2021-05-24T19:20:21.525Z] >>> [apiv2][query] POST https://upload-firebasehosting.googleapis.com/upload/sites/foodapp-4ebf0/versions/088f8ea9d6e19db9/files/f644d627cda3b6354d598f6e2532e8d26a2902e1af47c09126dd7a3b8acb2b52 [none]
[debug] [2021-05-24T19:20:21.525Z] >>> [apiv2][body] POST https://upload-firebasehosting.googleapis.com/upload/sites/foodapp-4ebf0/versions/088f8ea9d6e19db9/files/f644d627cda3b6354d598f6e2532e8d26a2902e1af47c09126dd7a3b8acb2b52 [stream]
[debug] [2021-05-24T19:20:21.526Z] >>> [apiv2][query] POST https://upload-firebasehosting.googleapis.com/upload/sites/foodapp-4ebf0/versions/088f8ea9d6e19db9/files/a906f231d3f9b925b15fa84c4b5b55f0f1f1cead096c1aa616239117588f58f9 [none]
[debug] [2021-05-24T19:20:21.526Z] >>> [apiv2][body] POST https://upload-firebasehosting.googleapis.com/upload/sites/foodapp-4ebf0/versions/088f8ea9d6e19db9/files/a906f231d3f9b925b15fa84c4b5b55f0f1f1cead096c1aa616239117588f58f9 [stream]
[debug] [2021-05-24T19:20:21.527Z] [hosting][populate queue][FINAL] {"max":793,"min":793,"avg":793,"active":0,"complete":1,"success":1,"errored":0,"retried":0,"total":1,"elapsed":796}
[debug] [2021-05-24T19:20:21.527Z] [hosting] uploads queued: 3
[debug] [2021-05-24T19:20:22.446Z] <<< [apiv2][status] POST https://upload-firebasehosting.googleapis.com/upload/sites/foodapp-4ebf0/versions/088f8ea9d6e19db9/files/f644d627cda3b6354d598f6e2532e8d26a2902e1af47c09126dd7a3b8acb2b52 200
[debug] [2021-05-24T19:20:22.446Z] <<< [apiv2][body] POST https://upload-firebasehosting.googleapis.com/upload/sites/foodapp-4ebf0/versions/088f8ea9d6e19db9/files/f644d627cda3b6354d598f6e2532e8d26a2902e1af47c09126dd7a3b8acb2b52 [stream]
[debug] [2021-05-24T19:20:22.512Z] <<< [apiv2][status] POST https://upload-firebasehosting.googleapis.com/upload/sites/foodapp-4ebf0/versions/088f8ea9d6e19db9/files/a906f231d3f9b925b15fa84c4b5b55f0f1f1cead096c1aa616239117588f58f9 200
[debug] [2021-05-24T19:20:22.512Z] <<< [apiv2][body] POST https://upload-firebasehosting.googleapis.com/upload/sites/foodapp-4ebf0/versions/088f8ea9d6e19db9/files/a906f231d3f9b925b15fa84c4b5b55f0f1f1cead096c1aa616239117588f58f9 [stream]
[debug] [2021-05-24T19:20:22.514Z] <<< [apiv2][status] POST https://upload-firebasehosting.googleapis.com/upload/sites/foodapp-4ebf0/versions/088f8ea9d6e19db9/files/31d420dca61f6739a605595d4e5530623103ad83ef1aea7b0076f4fceab90add 200
[debug] [2021-05-24T19:20:22.514Z] <<< [apiv2][body] POST https://upload-firebasehosting.googleapis.com/upload/sites/foodapp-4ebf0/versions/088f8ea9d6e19db9/files/31d420dca61f6739a605595d4e5530623103ad83ef1aea7b0076f4fceab90add [stream]
[debug] [2021-05-24T19:20:22.515Z] [hosting][upload queue][FINAL] {"max":991,"min":923,"avg":967.6666666666666,"active":0,"complete":3,"success":3,"errored":0,"retried":0,"total":3,"elapsed":992}
[info] ✔  hosting[foodapp-4ebf0]: file upload complete 
[debug] [2021-05-24T19:20:22.515Z] [hosting] deploy completed after 1799ms
[info] i  functions: updating Node.js 10 function createStripeCustomer(us-central1)... 
[debug] [2021-05-24T19:20:22.652Z] > refreshing access token with scopes: ["email","https://www.googleapis.com/auth/cloud-platform","https://www.googleapis.com/auth/cloudplatformprojects.readonly","https://www.googleapis.com/auth/firebase","openid"]
[debug] [2021-05-24T19:20:22.652Z] >>> HTTP REQUEST POST https://www.googleapis.com/oauth2/v3/token  
 <request body omitted>
[debug] [2021-05-24T19:20:22.789Z] <<< HTTP RESPONSE 200 {"cache-control":"no-cache, no-store, max-age=0, must-revalidate","expires":"Mon, 01 Jan 1990 00:00:00 GMT","date":"Mon, 24 May 2021 19:20:22 GMT","pragma":"no-cache","content-type":"application/json; charset=utf-8","vary":"X-Origin, Referer, Origin,Accept-Encoding","server":"scaffolding on HTTPServer2","x-xss-protection":"0","x-frame-options":"SAMEORIGIN","x-content-type-options":"nosniff","alt-svc":"h3-29=\":443\"; ma=2592000,h3-T051=\":443\"; ma=2592000,h3-Q050=\":443\"; ma=2592000,h3-Q046=\":443\"; ma=2592000,h3-Q043=\":443\"; ma=2592000,quic=\":443\"; ma=2592000; v=\"46,43\"","accept-ranges":"none","transfer-encoding":"chunked"}
[debug] [2021-05-24T19:20:22.837Z] >>> HTTP REQUEST PATCH https://cloudfunctions.googleapis.com/v1/projects/foodapp-4ebf0/locations/us-central1/functions/createStripeCustomer {"updateMask":"sourceUploadUrl,name,labels,runtime,environmentVariables,eventTrigger.resource,eventTrigger.eventType,eventTrigger.service,eventTrigger.failurePolicy"} 
 {"sourceUploadUrl":"https://storage.googleapis.com/gcf-upload-us-central1-14cc42b6-6b94-4ce7-939a-4f97dc54746a/a7d6e780-99ba-46f2-90bc-0bbbe0e70ceb.zip?GoogleAccessId=service-801948295113@gcf-admin-robot.iam.gserviceaccount.com&Expires=1621885820&Signature=dvXZR87Obhfl3BKwq%2BBmiwDD9vL%2BoDXrzZ0fq2U3KBaw41IDBlZ2mgWut86zU%2BZTyu2U9DGPIrF5M6spSukEk6lr68YRNyEG53moMa9cvdQr3Xe%2BS1Zckb7T6ircjsed0hPQwu4R7GhsjurNWV2epauOWX49Mzcjh7YtQEAEVQJNWn3yvovZ0T2MqVo1ZsKobrVG%2FDXrjQ5M8IHOYst0HZ3qM8uE%2BD2zW7J16ILBRkExBMJ4VYiE4JIRWzTvcIcQuctjqLyWwPZNslrbvwfHi%2BbgeqOhbbsfWl%2BNiTITAG3BTkl%2F3hdntx9dq4oxiv3BeV2jBaIyNwckTWL0qGNMFA%3D%3D","name":"projects/foodapp-4ebf0/locations/us-central1/functions/createStripeCustomer","labels":{"deployment-tool":"cli-firebase"},"eventTrigger":{"resource":"projects/foodapp-4ebf0/databases/(default)/documents/stripe_customers/{userId}","eventType":"providers/cloud.firestore/eventTypes/document.create","service":"firestore.googleapis.com"},"runtime":"nodejs10","environmentVariables":{"FIREBASE_CONFIG":"{\"projectId\":\"foodapp-4ebf0\",\"databaseURL\":\"https://foodapp-4ebf0.firebaseio.com\",\"storageBucket\":\"foodapp-4ebf0.appspot.com\",\"locationId\":\"us-central\"}"}}
[debug] [2021-05-24T19:20:23.612Z] <<< HTTP RESPONSE 200 {"content-type":"application/json; charset=UTF-8","vary":"X-Origin, Referer, Origin,Accept-Encoding","date":"Mon, 24 May 2021 19:20:23 GMT","server":"ESF","cache-control":"private","x-xss-protection":"0","x-frame-options":"SAMEORIGIN","x-content-type-options":"nosniff","alt-svc":"h3-29=\":443\"; ma=2592000,h3-T051=\":443\"; ma=2592000,h3-Q050=\":443\"; ma=2592000,h3-Q046=\":443\"; ma=2592000,h3-Q043=\":443\"; ma=2592000,quic=\":443\"; ma=2592000; v=\"46,43\"","accept-ranges":"none","transfer-encoding":"chunked"}
[debug] [2021-05-24T19:20:23.614Z] > refreshing access token with scopes: []
[debug] [2021-05-24T19:20:23.614Z] >>> HTTP REQUEST POST https://www.googleapis.com/oauth2/v3/token  
 <request body omitted>
[debug] [2021-05-24T19:20:23.817Z] <<< HTTP RESPONSE 200 {"pragma":"no-cache","cache-control":"no-cache, no-store, max-age=0, must-revalidate","expires":"Mon, 01 Jan 1990 00:00:00 GMT","date":"Mon, 24 May 2021 19:20:23 GMT","content-type":"application/json; charset=utf-8","vary":"X-Origin, Referer, Origin,Accept-Encoding","server":"scaffolding on HTTPServer2","x-xss-protection":"0","x-frame-options":"SAMEORIGIN","x-content-type-options":"nosniff","alt-svc":"h3-29=\":443\"; ma=2592000,h3-T051=\":443\"; ma=2592000,h3-Q050=\":443\"; ma=2592000,h3-Q046=\":443\"; ma=2592000,h3-Q043=\":443\"; ma=2592000,quic=\":443\"; ma=2592000; v=\"46,43\"","accept-ranges":"none","transfer-encoding":"chunked"}
[debug] [2021-05-24T19:20:23.867Z] >>> [apiv2][query] GET https://cloudfunctions.googleapis.com/v1/operations/Zm9vZGFwcC00ZWJmMC91cy1jZW50cmFsMS9jcmVhdGVTdHJpcGVDdXN0b21lci8tbE04d0dQaWxLRQ [none]
[debug] [2021-05-24T19:20:24.182Z] <<< [apiv2][status] GET https://cloudfunctions.googleapis.com/v1/operations/Zm9vZGFwcC00ZWJmMC91cy1jZW50cmFsMS9jcmVhdGVTdHJpcGVDdXN0b21lci8tbE04d0dQaWxLRQ 200
[debug] [2021-05-24T19:20:24.182Z] <<< [apiv2][body] GET https://cloudfunctions.googleapis.com/v1/operations/Zm9vZGFwcC00ZWJmMC91cy1jZW50cmFsMS9jcmVhdGVTdHJpcGVDdXN0b21lci8tbE04d0dQaWxLRQ {"name":"operations/Zm9vZGFwcC00ZWJmMC91cy1jZW50cmFsMS9jcmVhdGVTdHJpcGVDdXN0b21lci8tbE04d0dQaWxLRQ","metadata":{"@type":"type.googleapis.com/google.cloud.functions.v1.OperationMetadataV1","target":"projects/foodapp-4ebf0/locations/us-central1/functions/createStripeCustomer","type":"UPDATE_FUNCTION","request":{"@type":"type.googleapis.com/google.cloud.functions.v1.CloudFunction","name":"projects/foodapp-4ebf0/locations/us-central1/functions/createStripeCustomer","eventTrigger":{"eventType":"providers/cloud.firestore/eventTypes/document.create","resource":"projects/foodapp-4ebf0/databases/(default)/documents/stripe_customers/{userId}","service":"firestore.googleapis.com"},"status":"ACTIVE","entryPoint":"createStripeCustomer","timeout":"60s","availableMemoryMb":256,"serviceAccountEmail":"foodapp-4ebf0@appspot.gserviceaccount.com","updateTime":"2021-05-08T18:02:50.231Z","versionId":"59","labels":{"deployment-tool":"cli-firebase"},"sourceUploadUrl":"https://storage.googleapis.com/gcf-upload-us-central1-14cc42b6-6b94-4ce7-939a-4f97dc54746a/a7d6e780-99ba-46f2-90bc-0bbbe0e70ceb.zip?GoogleAccessId=service-801948295113@gcf-admin-robot.iam.gserviceaccount.com&Expires=1621885820&Signature=dvXZR87Obhfl3BKwq%2BBmiwDD9vL%2BoDXrzZ0fq2U3KBaw41IDBlZ2mgWut86zU%2BZTyu2U9DGPIrF5M6spSukEk6lr68YRNyEG53moMa9cvdQr3Xe%2BS1Zckb7T6ircjsed0hPQwu4R7GhsjurNWV2epauOWX49Mzcjh7YtQEAEVQJNWn3yvovZ0T2MqVo1ZsKobrVG%2FDXrjQ5M8IHOYst0HZ3qM8uE%2BD2zW7J16ILBRkExBMJ4VYiE4JIRWzTvcIcQuctjqLyWwPZNslrbvwfHi%2BbgeqOhbbsfWl%2BNiTITAG3BTkl%2F3hdntx9dq4oxiv3BeV2jBaIyNwckTWL0qGNMFA%3D%3D","environmentVariables":{"FIREBASE_CONFIG":"{\"projectId\":\"foodapp-4ebf0\",\"databaseURL\":\"https://foodapp-4ebf0.firebaseio.com\",\"storageBucket\":\"foodapp-4ebf0.appspot.com\",\"locationId\":\"us-central\"}"},"runtime":"nodejs10","ingressSettings":"ALLOW_ALL","buildId":"532888ea-25fd-4361-ab2e-c00a29ef3276"},"versionId":"60","updateTime":"2021-05-24T19:20:23Z"}}
[debug] [2021-05-24T19:20:24.684Z] [update-projects/foodapp-4ebf0/locations/us-central1/functions/createStripeCustomer] Retrying task index 0
[debug] [2021-05-24T19:20:24.684Z] >>> [apiv2][query] GET https://cloudfunctions.googleapis.com/v1/operations/Zm9vZGFwcC00ZWJmMC91cy1jZW50cmFsMS9jcmVhdGVTdHJpcGVDdXN0b21lci8tbE04d0dQaWxLRQ [none]
[debug] [2021-05-24T19:20:24.915Z] <<< [apiv2][status] GET https://cloudfunctions.googleapis.com/v1/operations/Zm9vZGFwcC00ZWJmMC91cy1jZW50cmFsMS9jcmVhdGVTdHJpcGVDdXN0b21lci8tbE04d0dQaWxLRQ 200
[debug] [2021-05-24T19:20:24.915Z] <<< [apiv2][body] GET https://cloudfunctions.googleapis.com/v1/operations/Zm9vZGFwcC00ZWJmMC91cy1jZW50cmFsMS9jcmVhdGVTdHJpcGVDdXN0b21lci8tbE04d0dQaWxLRQ {"name":"operations/Zm9vZGFwcC00ZWJmMC91cy1jZW50cmFsMS9jcmVhdGVTdHJpcGVDdXN0b21lci8tbE04d0dQaWxLRQ","metadata":{"@type":"type.googleapis.com/google.cloud.functions.v1.OperationMetadataV1","target":"projects/foodapp-4ebf0/locations/us-central1/functions/createStripeCustomer","type":"UPDATE_FUNCTION","request":{"@type":"type.googleapis.com/google.cloud.functions.v1.CloudFunction","name":"projects/foodapp-4ebf0/locations/us-central1/functions/createStripeCustomer","eventTrigger":{"eventType":"providers/cloud.firestore/eventTypes/document.create","resource":"projects/foodapp-4ebf0/databases/(default)/documents/stripe_customers/{userId}","service":"firestore.googleapis.com"},"status":"ACTIVE","entryPoint":"createStripeCustomer","timeout":"60s","availableMemoryMb":256,"serviceAccountEmail":"foodapp-4ebf0@appspot.gserviceaccount.com","updateTime":"2021-05-08T18:02:50.231Z","versionId":"59","labels":{"deployment-tool":"cli-firebase"},"sourceUploadUrl":"https://storage.googleapis.com/gcf-upload-us-central1-14cc42b6-6b94-4ce7-939a-4f97dc54746a/a7d6e780-99ba-46f2-90bc-0bbbe0e70ceb.zip?GoogleAccessId=service-801948295113@gcf-admin-robot.iam.gserviceaccount.com&Expires=1621885820&Signature=dvXZR87Obhfl3BKwq%2BBmiwDD9vL%2BoDXrzZ0fq2U3KBaw41IDBlZ2mgWut86zU%2BZTyu2U9DGPIrF5M6spSukEk6lr68YRNyEG53moMa9cvdQr3Xe%2BS1Zckb7T6ircjsed0hPQwu4R7GhsjurNWV2epauOWX49Mzcjh7YtQEAEVQJNWn3yvovZ0T2MqVo1ZsKobrVG%2FDXrjQ5M8IHOYst0HZ3qM8uE%2BD2zW7J16ILBRkExBMJ4VYiE4JIRWzTvcIcQuctjqLyWwPZNslrbvwfHi%2BbgeqOhbbsfWl%2BNiTITAG3BTkl%2F3hdntx9dq4oxiv3BeV2jBaIyNwckTWL0qGNMFA%3D%3D","environmentVariables":{"FIREBASE_CONFIG":"{\"projectId\":\"foodapp-4ebf0\",\"databaseURL\":\"https://foodapp-4ebf0.firebaseio.com\",\"storageBucket\":\"foodapp-4ebf0.appspot.com\",\"locationId\":\"us-central\"}"},"runtime":"nodejs10","ingressSettings":"ALLOW_ALL","buildId":"532888ea-25fd-4361-ab2e-c00a29ef3276"},"versionId":"60","updateTime":"2021-05-24T19:20:23Z","buildId":"8756eee3-052b-445a-b2b9-e0d7fdbe43f3","buildName":"projects/801948295113/locations/us-central1/builds/8756eee3-052b-445a-b2b9-e0d7fdbe43f3"}}
[debug] [2021-05-24T19:20:25.916Z] [update-projects/foodapp-4ebf0/locations/us-central1/functions/createStripeCustomer] Retrying task index 0
[debug] [2021-05-24T19:20:25.916Z] >>> [apiv2][query] GET https://cloudfunctions.googleapis.com/v1/operations/Zm9vZGFwcC00ZWJmMC91cy1jZW50cmFsMS9jcmVhdGVTdHJpcGVDdXN0b21lci8tbE04d0dQaWxLRQ [none]
[debug] [2021-05-24T19:20:26.199Z] <<< [apiv2][status] GET https://cloudfunctions.googleapis.com/v1/operations/Zm9vZGFwcC00ZWJmMC91cy1jZW50cmFsMS9jcmVhdGVTdHJpcGVDdXN0b21lci8tbE04d0dQaWxLRQ 200
[debug] [2021-05-24T19:20:26.199Z] <<< [apiv2][body] GET https://cloudfunctions.googleapis.com/v1/operations/Zm9vZGFwcC00ZWJmMC91cy1jZW50cmFsMS9jcmVhdGVTdHJpcGVDdXN0b21lci8tbE04d0dQaWxLRQ {"name":"operations/Zm9vZGFwcC00ZWJmMC91cy1jZW50cmFsMS9jcmVhdGVTdHJpcGVDdXN0b21lci8tbE04d0dQaWxLRQ","metadata":{"@type":"type.googleapis.com/google.cloud.functions.v1.OperationMetadataV1","target":"projects/foodapp-4ebf0/locations/us-central1/functions/createStripeCustomer","type":"UPDATE_FUNCTION","request":{"@type":"type.googleapis.com/google.cloud.functions.v1.CloudFunction","name":"projects/foodapp-4ebf0/locations/us-central1/functions/createStripeCustomer","eventTrigger":{"eventType":"providers/cloud.firestore/eventTypes/document.create","resource":"projects/foodapp-4ebf0/databases/(default)/documents/stripe_customers/{userId}","service":"firestore.googleapis.com"},"status":"ACTIVE","entryPoint":"createStripeCustomer","timeout":"60s","availableMemoryMb":256,"serviceAccountEmail":"foodapp-4ebf0@appspot.gserviceaccount.com","updateTime":"2021-05-08T18:02:50.231Z","versionId":"59","labels":{"deployment-tool":"cli-firebase"},"sourceUploadUrl":"https://storage.googleapis.com/gcf-upload-us-central1-14cc42b6-6b94-4ce7-939a-4f97dc54746a/a7d6e780-99ba-46f2-90bc-0bbbe0e70ceb.zip?GoogleAccessId=service-801948295113@gcf-admin-robot.iam.gserviceaccount.com&Expires=1621885820&Signature=dvXZR87Obhfl3BKwq%2BBmiwDD9vL%2BoDXrzZ0fq2U3KBaw41IDBlZ2mgWut86zU%2BZTyu2U9DGPIrF5M6spSukEk6lr68YRNyEG53moMa9cvdQr3Xe%2BS1Zckb7T6ircjsed0hPQwu4R7GhsjurNWV2epauOWX49Mzcjh7YtQEAEVQJNWn3yvovZ0T2MqVo1ZsKobrVG%2FDXrjQ5M8IHOYst0HZ3qM8uE%2BD2zW7J16ILBRkExBMJ4VYiE4JIRWzTvcIcQuctjqLyWwPZNslrbvwfHi%2BbgeqOhbbsfWl%2BNiTITAG3BTkl%2F3hdntx9dq4oxiv3BeV2jBaIyNwckTWL0qGNMFA%3D%3D","environmentVariables":{"FIREBASE_CONFIG":"{\"projectId\":\"foodapp-4ebf0\",\"databaseURL\":\"https://foodapp-4ebf0.firebaseio.com\",\"storageBucket\":\"foodapp-4ebf0.appspot.com\",\"locationId\":\"us-central\"}"},"runtime":"nodejs10","ingressSettings":"ALLOW_ALL","buildId":"532888ea-25fd-4361-ab2e-c00a29ef3276"},"versionId":"60","updateTime":"2021-05-24T19:20:23Z","buildId":"8756eee3-052b-445a-b2b9-e0d7fdbe43f3","buildName":"projects/801948295113/locations/us-central1/builds/8756eee3-052b-445a-b2b9-e0d7fdbe43f3"}}
[debug] [2021-05-24T19:20:28.202Z] [update-projects/foodapp-4ebf0/locations/us-central1/functions/createStripeCustomer] Retrying task index 0
[debug] [2021-05-24T19:20:28.203Z] >>> [apiv2][query] GET https://cloudfunctions.googleapis.com/v1/operations/Zm9vZGFwcC00ZWJmMC91cy1jZW50cmFsMS9jcmVhdGVTdHJpcGVDdXN0b21lci8tbE04d0dQaWxLRQ [none]
[debug] [2021-05-24T19:20:28.450Z] <<< [apiv2][status] GET https://cloudfunctions.googleapis.com/v1/operations/Zm9vZGFwcC00ZWJmMC91cy1jZW50cmFsMS9jcmVhdGVTdHJpcGVDdXN0b21lci8tbE04d0dQaWxLRQ 200
[debug] [2021-05-24T19:20:28.450Z] <<< [apiv2][body] GET https://cloudfunctions.googleapis.com/v1/operations/Zm9vZGFwcC00ZWJmMC91cy1jZW50cmFsMS9jcmVhdGVTdHJpcGVDdXN0b21lci8tbE04d0dQaWxLRQ {"name":"operations/Zm9vZGFwcC00ZWJmMC91cy1jZW50cmFsMS9jcmVhdGVTdHJpcGVDdXN0b21lci8tbE04d0dQaWxLRQ","metadata":{"@type":"type.googleapis.com/google.cloud.functions.v1.OperationMetadataV1","target":"projects/foodapp-4ebf0/locations/us-central1/functions/createStripeCustomer","type":"UPDATE_FUNCTION","request":{"@type":"type.googleapis.com/google.cloud.functions.v1.CloudFunction","name":"projects/foodapp-4ebf0/locations/us-central1/functions/createStripeCustomer","eventTrigger":{"eventType":"providers/cloud.firestore/eventTypes/document.create","resource":"projects/foodapp-4ebf0/databases/(default)/documents/stripe_customers/{userId}","service":"firestore.googleapis.com"},"status":"ACTIVE","entryPoint":"createStripeCustomer","timeout":"60s","availableMemoryMb":256,"serviceAccountEmail":"foodapp-4ebf0@appspot.gserviceaccount.com","updateTime":"2021-05-08T18:02:50.231Z","versionId":"59","labels":{"deployment-tool":"cli-firebase"},"sourceUploadUrl":"https://storage.googleapis.com/gcf-upload-us-central1-14cc42b6-6b94-4ce7-939a-4f97dc54746a/a7d6e780-99ba-46f2-90bc-0bbbe0e70ceb.zip?GoogleAccessId=service-801948295113@gcf-admin-robot.iam.gserviceaccount.com&Expires=1621885820&Signature=dvXZR87Obhfl3BKwq%2BBmiwDD9vL%2BoDXrzZ0fq2U3KBaw41IDBlZ2mgWut86zU%2BZTyu2U9DGPIrF5M6spSukEk6lr68YRNyEG53moMa9cvdQr3Xe%2BS1Zckb7T6ircjsed0hPQwu4R7GhsjurNWV2epauOWX49Mzcjh7YtQEAEVQJNWn3yvovZ0T2MqVo1ZsKobrVG%2FDXrjQ5M8IHOYst0HZ3qM8uE%2BD2zW7J16ILBRkExBMJ4VYiE4JIRWzTvcIcQuctjqLyWwPZNslrbvwfHi%2BbgeqOhbbsfWl%2BNiTITAG3BTkl%2F3hdntx9dq4oxiv3BeV2jBaIyNwckTWL0qGNMFA%3D%3D","environmentVariables":{"FIREBASE_CONFIG":"{\"projectId\":\"foodapp-4ebf0\",\"databaseURL\":\"https://foodapp-4ebf0.firebaseio.com\",\"storageBucket\":\"foodapp-4ebf0.appspot.com\",\"locationId\":\"us-central\"}"},"runtime":"nodejs10","ingressSettings":"ALLOW_ALL","buildId":"532888ea-25fd-4361-ab2e-c00a29ef3276"},"versionId":"60","updateTime":"2021-05-24T19:20:23Z","buildId":"8756eee3-052b-445a-b2b9-e0d7fdbe43f3","buildName":"projects/801948295113/locations/us-central1/builds/8756eee3-052b-445a-b2b9-e0d7fdbe43f3"}}
[debug] [2021-05-24T19:20:32.454Z] [update-projects/foodapp-4ebf0/locations/us-central1/functions/createStripeCustomer] Retrying task index 0
[debug] [2021-05-24T19:20:32.455Z] >>> [apiv2][query] GET https://cloudfunctions.googleapis.com/v1/operations/Zm9vZGFwcC00ZWJmMC91cy1jZW50cmFsMS9jcmVhdGVTdHJpcGVDdXN0b21lci8tbE04d0dQaWxLRQ [none]
[debug] [2021-05-24T19:20:32.702Z] <<< [apiv2][status] GET https://cloudfunctions.googleapis.com/v1/operations/Zm9vZGFwcC00ZWJmMC91cy1jZW50cmFsMS9jcmVhdGVTdHJpcGVDdXN0b21lci8tbE04d0dQaWxLRQ 200
[debug] [2021-05-24T19:20:32.702Z] <<< [apiv2][body] GET https://cloudfunctions.googleapis.com/v1/operations/Zm9vZGFwcC00ZWJmMC91cy1jZW50cmFsMS9jcmVhdGVTdHJpcGVDdXN0b21lci8tbE04d0dQaWxLRQ {"name":"operations/Zm9vZGFwcC00ZWJmMC91cy1jZW50cmFsMS9jcmVhdGVTdHJpcGVDdXN0b21lci8tbE04d0dQaWxLRQ","metadata":{"@type":"type.googleapis.com/google.cloud.functions.v1.OperationMetadataV1","target":"projects/foodapp-4ebf0/locations/us-central1/functions/createStripeCustomer","type":"UPDATE_FUNCTION","request":{"@type":"type.googleapis.com/google.cloud.functions.v1.CloudFunction","name":"projects/foodapp-4ebf0/locations/us-central1/functions/createStripeCustomer","eventTrigger":{"eventType":"providers/cloud.firestore/eventTypes/document.create","resource":"projects/foodapp-4ebf0/databases/(default)/documents/stripe_customers/{userId}","service":"firestore.googleapis.com"},"status":"ACTIVE","entryPoint":"createStripeCustomer","timeout":"60s","availableMemoryMb":256,"serviceAccountEmail":"foodapp-4ebf0@appspot.gserviceaccount.com","updateTime":"2021-05-08T18:02:50.231Z","versionId":"59","labels":{"deployment-tool":"cli-firebase"},"sourceUploadUrl":"https://storage.googleapis.com/gcf-upload-us-central1-14cc42b6-6b94-4ce7-939a-4f97dc54746a/a7d6e780-99ba-46f2-90bc-0bbbe0e70ceb.zip?GoogleAccessId=service-801948295113@gcf-admin-robot.iam.gserviceaccount.com&Expires=1621885820&Signature=dvXZR87Obhfl3BKwq%2BBmiwDD9vL%2BoDXrzZ0fq2U3KBaw41IDBlZ2mgWut86zU%2BZTyu2U9DGPIrF5M6spSukEk6lr68YRNyEG53moMa9cvdQr3Xe%2BS1Zckb7T6ircjsed0hPQwu4R7GhsjurNWV2epauOWX49Mzcjh7YtQEAEVQJNWn3yvovZ0T2MqVo1ZsKobrVG%2FDXrjQ5M8IHOYst0HZ3qM8uE%2BD2zW7J16ILBRkExBMJ4VYiE4JIRWzTvcIcQuctjqLyWwPZNslrbvwfHi%2BbgeqOhbbsfWl%2BNiTITAG3BTkl%2F3hdntx9dq4oxiv3BeV2jBaIyNwckTWL0qGNMFA%3D%3D","environmentVariables":{"FIREBASE_CONFIG":"{\"projectId\":\"foodapp-4ebf0\",\"databaseURL\":\"https://foodapp-4ebf0.firebaseio.com\",\"storageBucket\":\"foodapp-4ebf0.appspot.com\",\"locationId\":\"us-central\"}"},"runtime":"nodejs10","ingressSettings":"ALLOW_ALL","buildId":"532888ea-25fd-4361-ab2e-c00a29ef3276"},"versionId":"60","updateTime":"2021-05-24T19:20:23Z","buildId":"8756eee3-052b-445a-b2b9-e0d7fdbe43f3","buildName":"projects/801948295113/locations/us-central1/builds/8756eee3-052b-445a-b2b9-e0d7fdbe43f3"}}
[debug] [2021-05-24T19:20:40.707Z] [update-projects/foodapp-4ebf0/locations/us-central1/functions/createStripeCustomer] Retrying task index 0
[debug] [2021-05-24T19:20:40.707Z] >>> [apiv2][query] GET https://cloudfunctions.googleapis.com/v1/operations/Zm9vZGFwcC00ZWJmMC91cy1jZW50cmFsMS9jcmVhdGVTdHJpcGVDdXN0b21lci8tbE04d0dQaWxLRQ [none]
[debug] [2021-05-24T19:20:41.053Z] <<< [apiv2][status] GET https://cloudfunctions.googleapis.com/v1/operations/Zm9vZGFwcC00ZWJmMC91cy1jZW50cmFsMS9jcmVhdGVTdHJpcGVDdXN0b21lci8tbE04d0dQaWxLRQ 200
[debug] [2021-05-24T19:20:41.053Z] <<< [apiv2][body] GET https://cloudfunctions.googleapis.com/v1/operations/Zm9vZGFwcC00ZWJmMC91cy1jZW50cmFsMS9jcmVhdGVTdHJpcGVDdXN0b21lci8tbE04d0dQaWxLRQ {"name":"operations/Zm9vZGFwcC00ZWJmMC91cy1jZW50cmFsMS9jcmVhdGVTdHJpcGVDdXN0b21lci8tbE04d0dQaWxLRQ","metadata":{"@type":"type.googleapis.com/google.cloud.functions.v1.OperationMetadataV1","target":"projects/foodapp-4ebf0/locations/us-central1/functions/createStripeCustomer","type":"UPDATE_FUNCTION","request":{"@type":"type.googleapis.com/google.cloud.functions.v1.CloudFunction","name":"projects/foodapp-4ebf0/locations/us-central1/functions/createStripeCustomer","eventTrigger":{"eventType":"providers/cloud.firestore/eventTypes/document.create","resource":"projects/foodapp-4ebf0/databases/(default)/documents/stripe_customers/{userId}","service":"firestore.googleapis.com"},"status":"ACTIVE","entryPoint":"createStripeCustomer","timeout":"60s","availableMemoryMb":256,"serviceAccountEmail":"foodapp-4ebf0@appspot.gserviceaccount.com","updateTime":"2021-05-08T18:02:50.231Z","versionId":"59","labels":{"deployment-tool":"cli-firebase"},"sourceUploadUrl":"https://storage.googleapis.com/gcf-upload-us-central1-14cc42b6-6b94-4ce7-939a-4f97dc54746a/a7d6e780-99ba-46f2-90bc-0bbbe0e70ceb.zip?GoogleAccessId=service-801948295113@gcf-admin-robot.iam.gserviceaccount.com&Expires=1621885820&Signature=dvXZR87Obhfl3BKwq%2BBmiwDD9vL%2BoDXrzZ0fq2U3KBaw41IDBlZ2mgWut86zU%2BZTyu2U9DGPIrF5M6spSukEk6lr68YRNyEG53moMa9cvdQr3Xe%2BS1Zckb7T6ircjsed0hPQwu4R7GhsjurNWV2epauOWX49Mzcjh7YtQEAEVQJNWn3yvovZ0T2MqVo1ZsKobrVG%2FDXrjQ5M8IHOYst0HZ3qM8uE%2BD2zW7J16ILBRkExBMJ4VYiE4JIRWzTvcIcQuctjqLyWwPZNslrbvwfHi%2BbgeqOhbbsfWl%2BNiTITAG3BTkl%2F3hdntx9dq4oxiv3BeV2jBaIyNwckTWL0qGNMFA%3D%3D","environmentVariables":{"FIREBASE_CONFIG":"{\"projectId\":\"foodapp-4ebf0\",\"databaseURL\":\"https://foodapp-4ebf0.firebaseio.com\",\"storageBucket\":\"foodapp-4ebf0.appspot.com\",\"locationId\":\"us-central\"}"},"runtime":"nodejs10","ingressSettings":"ALLOW_ALL","buildId":"532888ea-25fd-4361-ab2e-c00a29ef3276"},"versionId":"60","updateTime":"2021-05-24T19:20:23Z","buildId":"8756eee3-052b-445a-b2b9-e0d7fdbe43f3","buildName":"projects/801948295113/locations/us-central1/builds/8756eee3-052b-445a-b2b9-e0d7fdbe43f3"}}
[debug] [2021-05-24T19:20:57.054Z] [update-projects/foodapp-4ebf0/locations/us-central1/functions/createStripeCustomer] Retrying task index 0
[debug] [2021-05-24T19:20:57.054Z] >>> [apiv2][query] GET https://cloudfunctions.googleapis.com/v1/operations/Zm9vZGFwcC00ZWJmMC91cy1jZW50cmFsMS9jcmVhdGVTdHJpcGVDdXN0b21lci8tbE04d0dQaWxLRQ [none]
[debug] [2021-05-24T19:20:57.384Z] <<< [apiv2][status] GET https://cloudfunctions.googleapis.com/v1/operations/Zm9vZGFwcC00ZWJmMC91cy1jZW50cmFsMS9jcmVhdGVTdHJpcGVDdXN0b21lci8tbE04d0dQaWxLRQ 200
[debug] [2021-05-24T19:20:57.384Z] <<< [apiv2][body] GET https://cloudfunctions.googleapis.com/v1/operations/Zm9vZGFwcC00ZWJmMC91cy1jZW50cmFsMS9jcmVhdGVTdHJpcGVDdXN0b21lci8tbE04d0dQaWxLRQ {"name":"operations/Zm9vZGFwcC00ZWJmMC91cy1jZW50cmFsMS9jcmVhdGVTdHJpcGVDdXN0b21lci8tbE04d0dQaWxLRQ","metadata":{"@type":"type.googleapis.com/google.cloud.functions.v1.OperationMetadataV1","target":"projects/foodapp-4ebf0/locations/us-central1/functions/createStripeCustomer","type":"UPDATE_FUNCTION","request":{"@type":"type.googleapis.com/google.cloud.functions.v1.CloudFunction","name":"projects/foodapp-4ebf0/locations/us-central1/functions/createStripeCustomer","eventTrigger":{"eventType":"providers/cloud.firestore/eventTypes/document.create","resource":"projects/foodapp-4ebf0/databases/(default)/documents/stripe_customers/{userId}","service":"firestore.googleapis.com"},"status":"ACTIVE","entryPoint":"createStripeCustomer","timeout":"60s","availableMemoryMb":256,"serviceAccountEmail":"foodapp-4ebf0@appspot.gserviceaccount.com","updateTime":"2021-05-08T18:02:50.231Z","versionId":"59","labels":{"deployment-tool":"cli-firebase"},"sourceUploadUrl":"https://storage.googleapis.com/gcf-upload-us-central1-14cc42b6-6b94-4ce7-939a-4f97dc54746a/a7d6e780-99ba-46f2-90bc-0bbbe0e70ceb.zip?GoogleAccessId=service-801948295113@gcf-admin-robot.iam.gserviceaccount.com&Expires=1621885820&Signature=dvXZR87Obhfl3BKwq%2BBmiwDD9vL%2BoDXrzZ0fq2U3KBaw41IDBlZ2mgWut86zU%2BZTyu2U9DGPIrF5M6spSukEk6lr68YRNyEG53moMa9cvdQr3Xe%2BS1Zckb7T6ircjsed0hPQwu4R7GhsjurNWV2epauOWX49Mzcjh7YtQEAEVQJNWn3yvovZ0T2MqVo1ZsKobrVG%2FDXrjQ5M8IHOYst0HZ3qM8uE%2BD2zW7J16ILBRkExBMJ4VYiE4JIRWzTvcIcQuctjqLyWwPZNslrbvwfHi%2BbgeqOhbbsfWl%2BNiTITAG3BTkl%2F3hdntx9dq4oxiv3BeV2jBaIyNwckTWL0qGNMFA%3D%3D","environmentVariables":{"FIREBASE_CONFIG":"{\"projectId\":\"foodapp-4ebf0\",\"databaseURL\":\"https://foodapp-4ebf0.firebaseio.com\",\"storageBucket\":\"foodapp-4ebf0.appspot.com\",\"locationId\":\"us-central\"}"},"runtime":"nodejs10","ingressSettings":"ALLOW_ALL","buildId":"532888ea-25fd-4361-ab2e-c00a29ef3276"},"versionId":"60","updateTime":"2021-05-24T19:20:23Z","buildId":"8756eee3-052b-445a-b2b9-e0d7fdbe43f3","buildName":"projects/801948295113/locations/us-central1/builds/8756eee3-052b-445a-b2b9-e0d7fdbe43f3"}}
