[debug] [2021-05-03T16:30:20.996Z] ----------------------------------------------------------------------
[debug] [2021-05-03T16:30:20.998Z] Command:       /Users/laurajelenich/.nvm/versions/node/v12.4.0/bin/node /Users/laurajelenich/.nvm/versions/node/v12.4.0/bin/firebase deploy
[debug] [2021-05-03T16:30:20.999Z] CLI Version:   9.10.0
[debug] [2021-05-03T16:30:20.999Z] Platform:      darwin
[debug] [2021-05-03T16:30:20.999Z] Node Version:  v12.4.0
[debug] [2021-05-03T16:30:21.004Z] Time:          Mon May 03 2021 12:30:20 GMT-0400 (Eastern Daylight Time)
[debug] [2021-05-03T16:30:21.004Z] ----------------------------------------------------------------------
[debug] 
[debug] [2021-05-03T16:30:21.016Z] > command requires scopes: ["email","openid","https://www.googleapis.com/auth/cloudplatformprojects.readonly","https://www.googleapis.com/auth/firebase","https://www.googleapis.com/auth/cloud-platform"]
[debug] [2021-05-03T16:30:21.016Z] > authorizing via signed-in user (ljelenich85@gmail.com)
[debug] [2021-05-03T16:30:21.017Z] [iam] checking project foodapp-4ebf0 for permissions ["cloudfunctions.functions.create","cloudfunctions.functions.delete","cloudfunctions.functions.get","cloudfunctions.functions.list","cloudfunctions.functions.update","cloudfunctions.operations.get","firebase.projects.get","firebasehosting.sites.update"]
[debug] [2021-05-03T16:30:21.020Z] >>> HTTP REQUEST POST https://cloudresourcemanager.googleapis.com/v1/projects/foodapp-4ebf0:testIamPermissions  
 {"permissions":["cloudfunctions.functions.create","cloudfunctions.functions.delete","cloudfunctions.functions.get","cloudfunctions.functions.list","cloudfunctions.functions.update","cloudfunctions.operations.get","firebase.projects.get","firebasehosting.sites.update"]}
[debug] [2021-05-03T16:30:21.484Z] <<< HTTP RESPONSE 200 {"content-type":"application/json; charset=UTF-8","vary":"X-Origin, Referer, Origin,Accept-Encoding","date":"Mon, 03 May 2021 16:30:21 GMT","server":"ESF","cache-control":"private","x-xss-protection":"0","x-frame-options":"SAMEORIGIN","x-content-type-options":"nosniff","server-timing":"gfet4t7; dur=135","alt-svc":"h3-29=\":443\"; ma=2592000,h3-T051=\":443\"; ma=2592000,h3-Q050=\":443\"; ma=2592000,h3-Q046=\":443\"; ma=2592000,h3-Q043=\":443\"; ma=2592000,quic=\":443\"; ma=2592000; v=\"46,43\"","accept-ranges":"none","transfer-encoding":"chunked"}
[debug] [2021-05-03T16:30:21.485Z] >>> HTTP REQUEST POST https://iam.googleapis.com/v1/projects/foodapp-4ebf0/serviceAccounts/foodapp-4ebf0@appspot.gserviceaccount.com:testIamPermissions  
 {"permissions":["iam.serviceAccounts.actAs"]}
[debug] [2021-05-03T16:30:21.769Z] <<< HTTP RESPONSE 200 {"content-type":"application/json; charset=UTF-8","vary":"X-Origin, Referer, Origin,Accept-Encoding","date":"Mon, 03 May 2021 16:30:21 GMT","server":"ESF","cache-control":"private","x-xss-protection":"0","x-frame-options":"SAMEORIGIN","x-content-type-options":"nosniff","alt-svc":"h3-29=\":443\"; ma=2592000,h3-T051=\":443\"; ma=2592000,h3-Q050=\":443\"; ma=2592000,h3-Q046=\":443\"; ma=2592000,h3-Q043=\":443\"; ma=2592000,quic=\":443\"; ma=2592000; v=\"46,43\"","accept-ranges":"none","transfer-encoding":"chunked"}
[debug] [2021-05-03T16:30:21.772Z] > refreshing access token with scopes: []
[debug] [2021-05-03T16:30:21.772Z] >>> HTTP REQUEST POST https://www.googleapis.com/oauth2/v3/token  
 <request body omitted>
[debug] [2021-05-03T16:30:21.974Z] <<< HTTP RESPONSE 200 {"date":"Mon, 03 May 2021 16:30:22 GMT","pragma":"no-cache","expires":"Mon, 01 Jan 1990 00:00:00 GMT","cache-control":"no-cache, no-store, max-age=0, must-revalidate","content-type":"application/json; charset=utf-8","vary":"X-Origin, Referer, Origin,Accept-Encoding","server":"scaffolding on HTTPServer2","x-xss-protection":"0","x-frame-options":"SAMEORIGIN","x-content-type-options":"nosniff","alt-svc":"h3-29=\":443\"; ma=2592000,h3-T051=\":443\"; ma=2592000,h3-Q050=\":443\"; ma=2592000,h3-Q046=\":443\"; ma=2592000,h3-Q043=\":443\"; ma=2592000,quic=\":443\"; ma=2592000; v=\"46,43\"","accept-ranges":"none","transfer-encoding":"chunked"}
[debug] [2021-05-03T16:30:22.040Z] >>> [apiv2][query] GET https://firebase.googleapis.com/v1beta1/projects/foodapp-4ebf0 [none]
[debug] [2021-05-03T16:30:22.414Z] <<< [apiv2][status] GET https://firebase.googleapis.com/v1beta1/projects/foodapp-4ebf0 200
