[debug] [2021-04-19T20:36:38.614Z] ----------------------------------------------------------------------
[debug] [2021-04-19T20:36:38.616Z] Command:       /Users/laurajelenich/.nvm/versions/node/v12.4.0/bin/node /Users/laurajelenich/.nvm/versions/node/v12.4.0/bin/firebase init
[debug] [2021-04-19T20:36:38.616Z] CLI Version:   9.10.0
[debug] [2021-04-19T20:36:38.616Z] Platform:      darwin
[debug] [2021-04-19T20:36:38.616Z] Node Version:  v12.4.0
[debug] [2021-04-19T20:36:38.618Z] Time:          Mon Apr 19 2021 16:36:38 GMT-0400 (Eastern Daylight Time)
[debug] [2021-04-19T20:36:38.618Z] ----------------------------------------------------------------------
[debug] 
[debug] [2021-04-19T20:36:38.627Z] > command requires scopes: ["email","openid","https://www.googleapis.com/auth/cloudplatformprojects.readonly","https://www.googleapis.com/auth/firebase","https://www.googleapis.com/auth/cloud-platform"]
[debug] [2021-04-19T20:36:38.627Z] > authorizing via signed-in user (ljelenich85@gmail.com)
[info] 
     ######## #### ########  ######## ########     ###     ######  ########
     ##        ##  ##     ## ##       ##     ##  ##   ##  ##       ##
     ######    ##  ########  ######   ########  #########  ######  ######
     ##        ##  ##    ##  ##       ##     ## ##     ##       ## ##
     ##       #### ##     ## ######## ########  ##     ##  ######  ########

You're about to initialize a Firebase project in this directory:

  /Users/laurajelenich/Desktop/Yoke/YokeApp/Yoke

[debug] [2021-04-19T20:37:04.222Z] TypeError: Cannot read property 'setRawMode' of null
    at ReadStream.setRawMode (tty.js:71:28)
    at Interface._setRawMode (readline.js:275:16)
    at Interface.close (readline.js:398:10)
    at ReadStream.ontermend (readline.js:185:10)
    at ReadStream.emit (events.js:205:15)
    at ReadStream.EventEmitter.emit (domain.js:471:20)
    at endReadableNT (_stream_readable.js:1154:12)
    at processTicksAndRejections (internal/process/task_queues.js:84:9)
